INFO  time: initialize in 0.34s
INFO  shutting down Metals
INFO  time: initialize in 0.33s
INFO  skipping build import with status 'Requested'
WARN  no build target: /Users/John/Documents/git/zio-workshop/build.sbt
WARN  no build target: /Users/John/Documents/git/zio-workshop/build.sbt
WARN  no build target: 
INFO  running '/Library/Java/JavaVirtualMachines/jdk1.8.0_60.jdk/Contents/Home/jre/bin/java -Djline.terminal=jline.UnsupportedTerminal -Dsbt.log.noformat=true -Dfile.encoding=UTF-8 -jar /var/folders/w5/zvkrhfv14p7770wzx2tnbwq80000gn/T/metals7592854923149603009/sbt-launch.jar metalsEnable bloopInstall'
ERROR Getting org.scala-sbt sbt 1.2.8  (this may take some time)...
INFO  downloading https://repo1.maven.org/maven2/org/scala-sbt/sbt/1.2.8/sbt-1.2.8.jar ...
INFO  	[SUCCESSFUL ] org.scala-sbt#sbt;1.2.8!sbt.jar (473ms)
INFO  downloading https://repo1.maven.org/maven2/org/scala-sbt/main_2.12/1.2.8/main_2.12-1.2.8.jar ...
INFO  	[SUCCESSFUL ] org.scala-sbt#main_2.12;1.2.8!main_2.12.jar (1702ms)
INFO  downloading https://repo1.maven.org/maven2/org/scala-sbt/logic_2.12/1.2.8/logic_2.12-1.2.8.jar ...
INFO  	[SUCCESSFUL ] org.scala-sbt#logic_2.12;1.2.8!logic_2.12.jar (3503ms)
INFO  downloading https://repo1.maven.org/maven2/org/scala-sbt/actions_2.12/1.2.8/actions_2.12-1.2.8.jar ...
INFO  	[SUCCESSFUL ] org.scala-sbt#actions_2.12;1.2.8!actions_2.12.jar (510ms)
INFO  downloading https://repo1.maven.org/maven2/org/scala-sbt/main-settings_2.12/1.2.8/main-settings_2.12-1.2.8.jar ...
INFO  	[SUCCESSFUL ] org.scala-sbt#main-settings_2.12;1.2.8!main-settings_2.12.jar (581ms)
INFO  downloading https://repo1.maven.org/maven2/org/scala-sbt/run_2.12/1.2.8/run_2.12-1.2.8.jar ...
INFO  	[SUCCESSFUL ] org.scala-sbt#run_2.12;1.2.8!run_2.12.jar (318ms)
INFO  downloading https://repo1.maven.org/maven2/org/scala-sbt/command_2.12/1.2.8/command_2.12-1.2.8.jar ...
INFO  	[SUCCESSFUL ] org.scala-sbt#command_2.12;1.2.8!command_2.12.jar (481ms)
INFO  downloading https://repo1.maven.org/maven2/org/scala-sbt/collections_2.12/1.2.8/collections_2.12-1.2.8.jar ...
INFO  	[SUCCESSFUL ] org.scala-sbt#collections_2.12;1.2.8!collections_2.12.jar (548ms)
INFO  downloading https://repo1.maven.org/maven2/org/scala-sbt/scripted-sbt-redux_2.12/1.2.8/scripted-sbt-redux_2.12-1.2.8.jar ...
INFO  	[SUCCESSFUL ] org.scala-sbt#scripted-sbt-redux_2.12;1.2.8!scripted-sbt-redux_2.12.jar (320ms)
INFO  downloading https://repo1.maven.org/maven2/org/scala-sbt/scripted-plugin_2.12/1.2.8/scripted-plugin_2.12-1.2.8.jar ...
INFO  	[SUCCESSFUL ] org.scala-sbt#scripted-plugin_2.12;1.2.8!scripted-plugin_2.12.jar (319ms)
INFO  downloading https://repo1.maven.org/maven2/org/scala-sbt/librarymanagement-core_2.12/1.2.4/librarymanagement-core_2.12-1.2.4.jar ...
INFO  	[SUCCESSFUL ] org.scala-sbt#librarymanagement-core_2.12;1.2.4!librarymanagement-core_2.12.jar (1009ms)
INFO  downloading https://repo1.maven.org/maven2/org/scala-sbt/librarymanagement-ivy_2.12/1.2.4/librarymanagement-ivy_2.12-1.2.4.jar ...
INFO  	[SUCCESSFUL ] org.scala-sbt#librarymanagement-ivy_2.12;1.2.4!librarymanagement-ivy_2.12.jar (801ms)
INFO  downloading https://repo1.maven.org/maven2/org/scala-sbt/completion_2.12/1.2.8/completion_2.12-1.2.8.jar ...
INFO  	[SUCCESSFUL ] org.scala-sbt#completion_2.12;1.2.8!completion_2.12.jar (489ms)
INFO  downloading https://repo1.maven.org/maven2/org/scala-sbt/task-system_2.12/1.2.8/task-system_2.12-1.2.8.jar ...
INFO  	[SUCCESSFUL ] org.scala-sbt#task-system_2.12;1.2.8!task-system_2.12.jar (397ms)
INFO  downloading https://repo1.maven.org/maven2/org/scala-sbt/tasks_2.12/1.2.8/tasks_2.12-1.2.8.jar ...
INFO  	[SUCCESSFUL ] org.scala-sbt#tasks_2.12;1.2.8!tasks_2.12.jar (326ms)
INFO  downloading https://repo1.maven.org/maven2/org/scala-sbt/testing_2.12/1.2.8/testing_2.12-1.2.8.jar ...
INFO  	[SUCCESSFUL ] org.scala-sbt#testing_2.12;1.2.8!testing_2.12.jar (475ms)
INFO  downloading https://repo1.maven.org/maven2/org/scala-sbt/test-agent/1.2.8/test-agent-1.2.8.jar ...
INFO  	[SUCCESSFUL ] org.scala-sbt#test-agent;1.2.8!test-agent.jar (315ms)
INFO  downloading https://repo1.maven.org/maven2/org/scala-sbt/core-macros_2.12/1.2.8/core-macros_2.12-1.2.8.jar ...
INFO  	[SUCCESSFUL ] org.scala-sbt#core-macros_2.12;1.2.8!core-macros_2.12.jar (325ms)
INFO  downloading https://repo1.maven.org/maven2/org/scala-sbt/protocol_2.12/1.2.8/protocol_2.12-1.2.8.jar ...
INFO  	[SUCCESSFUL ] org.scala-sbt#protocol_2.12;1.2.8!protocol_2.12.jar (636ms)
INFO  :: retrieving :: org.scala-sbt#boot-app
INFO  	confs: [default]
INFO  	80 artifacts copied, 0 already retrieved (28561kB/157ms)
INFO  [info] Loading settings for project global-plugins from metals.sbt ...
INFO  [info] Loading global plugins from /Users/John/.sbt/1.0/plugins
INFO  [info] Updating ProjectRef(uri("file:/Users/John/.sbt/1.0/plugins/"), "global-plugins")...
INFO  [info] downloading https://repo1.maven.org/maven2/ch/epfl/scala/bloop-config_2.12/1.3.2/bloop-config_2.12-1.3.2.jar ...
INFO  [info] downloading https://repo1.maven.org/maven2/ch/epfl/scala/sbt-bloop_2.12_1.0/1.3.2/sbt-bloop-1.3.2.jar ...
INFO  [info] downloading https://repo1.maven.org/maven2/org/scalameta/sbt-metals_2.12_1.0/0.7.5/sbt-metals-0.7.5.jar ...
INFO  [info] 	[SUCCESSFUL ] org.scalameta#sbt-metals;0.7.5!sbt-metals.jar (627ms)
INFO  [info] 	[SUCCESSFUL ] ch.epfl.scala#sbt-bloop;1.3.2!sbt-bloop.jar (640ms)
INFO  [info] 	[SUCCESSFUL ] ch.epfl.scala#bloop-config_2.12;1.3.2!bloop-config_2.12.jar (853ms)
INFO  [info] Done updating.
INFO  [info] Loading settings for project c274fbcbfb89d4f09dbb-build from plugin.sbt ...
INFO  [info] Loading project definition from /Users/John/.sbt/1.0/staging/c274fbcbfb89d4f09dbb/project
INFO  [info] Updating ProjectRef(uri("file:/Users/John/Documents/git/zio-workshop/project/"), "c274fbcbfb89d4f09dbb-build")...
INFO  [info] Done updating.
INFO  [success] Generated /Users/John/.sbt/1.0/staging/c274fbcbfb89d4f09dbb/project/.bloop/c274fbcbfb89d4f09dbb-build.json
INFO  [success] Total time: 2 s, completed Sep 23, 2019 7:38:32 AM
INFO  [info] Updating ProjectRef(uri("file:/Users/John/Documents/git/zio-workshop/project/"), "c274fbcbfb89d4f09dbb-build")...
INFO  [info] Done updating.
INFO  [error] java.lang.RuntimeException: Could not create directory /Users/John/Documents/git/zio-workshop/project/target/config-classes
INFO  [error] 	at scala.sys.package$.error(package.scala:26)
INFO  [error] 	at sbt.io.IO$.createDirectory(IO.scala:326)
INFO  [error] 	at sbt.compiler.Eval.$anonfun$new$1(Eval.scala:75)
INFO  [error] 	at sbt.compiler.Eval.$anonfun$new$1$adapted(Eval.scala:75)
INFO  [error] 	at scala.Option.foreach(Option.scala:257)
INFO  [error] 	at sbt.compiler.Eval.<init>(Eval.scala:75)
INFO  [error] 	at sbt.internal.Load$.mkEval(Load.scala:433)
INFO  [error] 	at sbt.internal.Load$.$anonfun$loadUnit$6(Load.scala:705)
INFO  [error] 	at sbt.internal.Load$.timed(Load.scala:1395)
INFO  [error] 	at sbt.internal.Load$.eval$lzycompute$2(Load.scala:705)
INFO  [error] 	at sbt.internal.Load$.eval$3(Load.scala:704)
INFO  [error] 	at sbt.internal.Load$.$anonfun$loadUnit$9(Load.scala:717)
INFO  [error] 	at sbt.internal.Load$.loadSettingsFile$1(Load.scala:1132)
INFO  [error] 	at sbt.internal.Load$.$anonfun$discoverProjects$2(Load.scala:1144)
INFO  [error] 	at scala.collection.MapLike.getOrElse(MapLike.scala:127)
INFO  [error] 	at scala.collection.MapLike.getOrElse$(MapLike.scala:125)
INFO  [error] 	at scala.collection.AbstractMap.getOrElse(Map.scala:59)
INFO  [error] 	at sbt.internal.Load$.memoLoadSettingsFile$1(Load.scala:1143)
INFO  [error] 	at sbt.internal.Load$.$anonfun$discoverProjects$4(Load.scala:1151)
INFO  [error] 	at scala.collection.TraversableLike.$anonfun$map$1(TraversableLike.scala:233)
INFO  [error] 	at scala.collection.mutable.ResizableArray.foreach(ResizableArray.scala:58)
INFO  [error] 	at scala.collection.mutable.ResizableArray.foreach$(ResizableArray.scala:51)
INFO  [error] 	at scala.collection.mutable.ArrayBuffer.foreach(ArrayBuffer.scala:47)
INFO  [error] 	at scala.collection.TraversableLike.map(TraversableLike.scala:233)
INFO  [error] 	at scala.collection.TraversableLike.map$(TraversableLike.scala:226)
INFO  [error] 	at scala.collection.AbstractTraversable.map(Traversable.scala:104)
INFO  [error] 	at sbt.internal.Load$.loadFiles$1(Load.scala:1151)
INFO  [error] 	at sbt.internal.Load$.discoverProjects(Load.scala:1165)
INFO  [error] 	at sbt.internal.Load$.discover$1(Load.scala:862)
INFO  [error] 	at sbt.internal.Load$.loadTransitive(Load.scala:937)
INFO  [error] 	at sbt.internal.Load$.loadProjects$1(Load.scala:726)
INFO  [error] 	at sbt.internal.Load$.$anonfun$loadUnit$11(Load.scala:729)
INFO  [error] 	at sbt.internal.Load$.timed(Load.scala:1395)
INFO  [error] 	at sbt.internal.Load$.$anonfun$loadUnit$1(Load.scala:729)
INFO  [error] 	at sbt.internal.Load$.timed(Load.scala:1395)
INFO  [error] 	at sbt.internal.Load$.loadUnit(Load.scala:688)
INFO  [error] 	at sbt.internal.Load$.$anonfun$builtinLoader$4(Load.scala:484)
INFO  [error] 	at sbt.internal.BuildLoader$.$anonfun$componentLoader$5(BuildLoader.scala:176)
INFO  [error] 	at sbt.internal.BuildLoader.apply(BuildLoader.scala:241)
INFO  [error] 	at sbt.internal.Load$.loadURI$1(Load.scala:546)
INFO  [error] 	at sbt.internal.Load$.loadAll(Load.scala:562)
INFO  [error] 	at sbt.internal.Load$.loadURI(Load.scala:492)
INFO  [error] 	at sbt.internal.Load$.load(Load.scala:471)
INFO  [error] 	at sbt.internal.Load$.$anonfun$apply$1(Load.scala:251)
INFO  [error] 	at sbt.internal.Load$.timed(Load.scala:1395)
INFO  [error] 	at sbt.internal.Load$.apply(Load.scala:251)
INFO  [error] 	at sbt.internal.Load$.defaultLoad(Load.scala:69)
INFO  [error] 	at sbt.BuiltinCommands$.liftedTree1$1(Main.scala:829)
INFO  [error] 	at sbt.BuiltinCommands$.doLoadProject(Main.scala:829)
INFO  [error] 	at sbt.BuiltinCommands$.$anonfun$loadProjectImpl$2(Main.scala:800)
INFO  [error] 	at sbt.Command$.$anonfun$applyEffect$4(Command.scala:142)
INFO  [error] 	at sbt.Command$.$anonfun$applyEffect$2(Command.scala:137)
INFO  [error] 	at sbt.Command$.process(Command.scala:181)
INFO  [error] 	at sbt.MainLoop$.processCommand(MainLoop.scala:151)
INFO  [error] 	at sbt.MainLoop$.$anonfun$next$2(MainLoop.scala:139)
INFO  [error] 	at sbt.State$$anon$1.runCmd$1(State.scala:246)
INFO  [error] 	at sbt.State$$anon$1.process(State.scala:250)
INFO  [error] 	at sbt.MainLoop$.$anonfun$next$1(MainLoop.scala:139)
INFO  [error] 	at sbt.internal.util.ErrorHandling$.wideConvert(ErrorHandling.scala:16)
INFO  [error] 	at sbt.MainLoop$.next(MainLoop.scala:139)
INFO  [error] 	at sbt.MainLoop$.run(MainLoop.scala:132)
INFO  [error] 	at sbt.MainLoop$.$anonfun$runWithNewLog$1(MainLoop.scala:110)
INFO  [error] 	at sbt.io.Using.apply(Using.scala:22)
INFO  [error] 	at sbt.MainLoop$.runWithNewLog(MainLoop.scala:104)
INFO  [error] 	at sbt.MainLoop$.runAndClearLast(MainLoop.scala:59)
INFO  [error] 	at sbt.MainLoop$.runLoggedLoop(MainLoop.scala:44)
INFO  [error] 	at sbt.MainLoop$.runLogged(MainLoop.scala:35)
INFO  [error] 	at sbt.StandardMain$.runManaged(Main.scala:138)
INFO  [error] 	at sbt.xMain.run(Main.scala:89)
INFO  [error] 	at xsbt.boot.Launch$$anonfun$run$1.apply(Launch.scala:109)
INFO  [error] 	at xsbt.boot.Launch$.withContextLoader(Launch.scala:128)
INFO  [error] 	at xsbt.boot.Launch$.run(Launch.scala:109)
INFO  [error] 	at xsbt.boot.Launch$$anonfun$apply$1.apply(Launch.scala:35)
INFO  [error] 	at xsbt.boot.Launch$.launch(Launch.scala:117)
INFO  [error] 	at xsbt.boot.Launch$.apply(Launch.scala:18)
INFO  [error] 	at xsbt.boot.Boot$.runImpl(Boot.scala:56)
INFO  [error] 	at xsbt.boot.Boot$.main(Boot.scala:18)
INFO  [error] 	at xsbt.boot.Boot.main(Boot.scala)
INFO  [error] Could not create directory /Users/John/Documents/git/zio-workshop/project/target/config-classes
INFO  [error] Use 'last' for the full log.
Sep 23, 2019 7:38:33 AM org.eclipse.lsp4j.jsonrpc.RemoteEndpoint handleCancellation
WARNING: Unmatched cancel notification for request id 91
INFO  Project loading failed: (r)etry, (q)uit, (l)ast, or (i)gnore? 
INFO  build tool exit: 1
INFO  time: ran 'sbt bloopInstall' in 46s
ERROR sbt command failed: /Library/Java/JavaVirtualMachines/jdk1.8.0_60.jdk/Contents/Home/jre/bin/java -Djline.terminal=jline.UnsupportedTerminal -Dsbt.log.noformat=true -Dfile.encoding=UTF-8 -jar /var/folders/w5/zvkrhfv14p7770wzx2tnbwq80000gn/T/metals7592854923149603009/sbt-launch.jar metalsEnable bloopInstall
WARN  no build target: /Users/John/Documents/git/zio-workshop/build.sbt
  /Users/John/Documents/git/zio-workshop/project/plugin.sbt
  /Users/John/Documents/git/zio-workshop/project/build.properties
INFO  skipping build import with status 'Failed'
WARN  no build target: /Users/John/Documents/git/zio-workshop/build.sbt
WARN  no build target: 
INFO  running '/Library/Java/JavaVirtualMachines/jdk1.8.0_60.jdk/Contents/Home/jre/bin/java -Djline.terminal=jline.UnsupportedTerminal -Dsbt.log.noformat=true -Dfile.encoding=UTF-8 -jar /var/folders/w5/zvkrhfv14p7770wzx2tnbwq80000gn/T/metals187009118854890760/sbt-launch.jar metalsEnable bloopInstall'
INFO  user cancelled build import
INFO  time: ran 'sbt bloopInstall' in 3.37s
INFO  build tool exit: 143
WARN  no build target: /Users/John/Documents/git/zio-workshop/build.sbt
WARN  no build target: 
INFO  running '/Library/Java/JavaVirtualMachines/jdk1.8.0_60.jdk/Contents/Home/jre/bin/java -Djline.terminal=jline.UnsupportedTerminal -Dsbt.log.noformat=true -Dfile.encoding=UTF-8 -jar /var/folders/w5/zvkrhfv14p7770wzx2tnbwq80000gn/T/metals3449331094501990746/sbt-launch.jar metalsEnable bloopInstall'
INFO  [info] Loading settings for project global-plugins from metals.sbt ...
INFO  [info] Loading global plugins from /Users/John/.sbt/1.0/plugins
INFO  [info] Loading settings for project zio-workshop-build from plugin.sbt ...
INFO  [info] Loading project definition from /Users/John/Documents/git/zio-workshop/project
INFO  [info] Updating ProjectRef(uri("file:/Users/John/Documents/git/zio-workshop/project/"), "zio-workshop-build")...
INFO  [info] Done updating.
INFO  [success] Generated .bloop/zio-workshop-build.json
INFO  [success] Total time: 3 s, completed Sep 23, 2019 7:41:35 AM
INFO  [info] Loading settings for project root from build.sbt ...
INFO  [info] Set current project to zio-workshop (in build file:/Users/John/Documents/git/zio-workshop/)
INFO  [info] Set current project to zio-workshop (in build file:/Users/John/Documents/git/zio-workshop/)
INFO  [info] semanticdb-scalac is enabled
INFO  [info] Updating ...
INFO  [warn] 	module not found: zio.dev#zio-core_2.12;1.0.0-RC13
INFO  [warn] ==== local: tried
INFO  [warn]   /Users/John/.ivy2/local/zio.dev/zio-core_2.12/1.0.0-RC13/ivys/ivy.xml
INFO  [warn] ==== public: tried
INFO  [warn]   https://repo1.maven.org/maven2/zio/dev/zio-core_2.12/1.0.0-RC13/zio-core_2.12-1.0.0-RC13.pom
INFO  [warn] ==== local-preloaded-ivy: tried
INFO  [warn]   /Users/John/.sbt/preloaded/zio.dev/zio-core_2.12/1.0.0-RC13/ivys/ivy.xml
INFO  [warn] ==== local-preloaded: tried
INFO  [warn]   file:////Users/John/.sbt/preloaded/zio/dev/zio-core_2.12/1.0.0-RC13/zio-core_2.12-1.0.0-RC13.pom
INFO  [warn] 	module not found: zio.dev#zio-streams_2.12;1.0.0-RC13
INFO  [warn] ==== local: tried
INFO  [warn]   /Users/John/.ivy2/local/zio.dev/zio-streams_2.12/1.0.0-RC13/ivys/ivy.xml
INFO  [warn] ==== public: tried
INFO  [warn]   https://repo1.maven.org/maven2/zio/dev/zio-streams_2.12/1.0.0-RC13/zio-streams_2.12-1.0.0-RC13.pom
INFO  [warn] ==== local-preloaded-ivy: tried
INFO  [warn]   /Users/John/.sbt/preloaded/zio.dev/zio-streams_2.12/1.0.0-RC13/ivys/ivy.xml
INFO  [warn] ==== local-preloaded: tried
INFO  [warn]   file:////Users/John/.sbt/preloaded/zio/dev/zio-streams_2.12/1.0.0-RC13/zio-streams_2.12-1.0.0-RC13.pom
INFO  [info] downloading https://repo1.maven.org/maven2/io/lemonlabs/scala-uri_2.12/1.4.1/scala-uri_2.12-1.4.1.jar ...
INFO  [info] downloading https://repo1.maven.org/maven2/org/scalameta/semanticdb-scalac_2.12.8/4.2.2/semanticdb-scalac_2.12.8-4.2.2.jar ...
INFO  [info] 	[SUCCESSFUL ] io.lemonlabs#scala-uri_2.12;1.4.1!scala-uri_2.12.jar (664ms)
INFO  [info] 	[SUCCESSFUL ] org.scalameta#semanticdb-scalac_2.12.8;4.2.2!semanticdb-scalac_2.12.8.jar (5879ms)
INFO  [warn] 	::::::::::::::::::::::::::::::::::::::::::::::
INFO  [warn] 	::          UNRESOLVED DEPENDENCIES         ::
INFO  [warn] 	::::::::::::::::::::::::::::::::::::::::::::::
INFO  [warn] 	:: zio.dev#zio-core_2.12;1.0.0-RC13: not found
INFO  [warn] 	:: zio.dev#zio-streams_2.12;1.0.0-RC13: not found
INFO  [warn] 	::::::::::::::::::::::::::::::::::::::::::::::
INFO  [warn] 
INFO  [warn] 	Note: Unresolved dependencies path:
INFO  [warn] 		zio.dev:zio-core_2.12:1.0.0-RC13 (/Users/John/Documents/git/zio-workshop/build.sbt#L23-30)
INFO  [warn] 		  +- net.degoes:zio-workshop_2.12:0.1.0-SNAPSHOT
INFO  [warn] 		zio.dev:zio-streams_2.12:1.0.0-RC13 (/Users/John/Documents/git/zio-workshop/build.sbt#L23-30)
INFO  [warn] 		  +- net.degoes:zio-workshop_2.12:0.1.0-SNAPSHOT
INFO  [error] sbt.librarymanagement.ResolveException: unresolved dependency: zio.dev#zio-core_2.12;1.0.0-RC13: not found
INFO  [error] unresolved dependency: zio.dev#zio-streams_2.12;1.0.0-RC13: not found
INFO  [error] 	at sbt.internal.librarymanagement.IvyActions$.resolveAndRetrieve(IvyActions.scala:332)
INFO  [error] 	at sbt.internal.librarymanagement.IvyActions$.$anonfun$updateEither$1(IvyActions.scala:208)
INFO  [error] 	at sbt.internal.librarymanagement.IvySbt$Module.$anonfun$withModule$1(Ivy.scala:239)
INFO  [error] 	at sbt.internal.librarymanagement.IvySbt.$anonfun$withIvy$1(Ivy.scala:204)
INFO  [error] 	at sbt.internal.librarymanagement.IvySbt.sbt$internal$librarymanagement$IvySbt$$action$1(Ivy.scala:70)
INFO  [error] 	at sbt.internal.librarymanagement.IvySbt$$anon$3.call(Ivy.scala:77)
INFO  [error] 	at xsbt.boot.Locks$GlobalLock.withChannel$1(Locks.scala:95)
INFO  [error] 	at xsbt.boot.Locks$GlobalLock.xsbt$boot$Locks$GlobalLock$$withChannelRetries$1(Locks.scala:80)
INFO  [error] 	at xsbt.boot.Locks$GlobalLock$$anonfun$withFileLock$1.apply(Locks.scala:99)
INFO  [error] 	at xsbt.boot.Using$.withResource(Using.scala:10)
INFO  [error] 	at xsbt.boot.Using$.apply(Using.scala:9)
INFO  [error] 	at xsbt.boot.Locks$GlobalLock.ignoringDeadlockAvoided(Locks.scala:60)
INFO  [error] 	at xsbt.boot.Locks$GlobalLock.withLock(Locks.scala:50)
INFO  [error] 	at xsbt.boot.Locks$.apply0(Locks.scala:31)
INFO  [error] 	at xsbt.boot.Locks$.apply(Locks.scala:28)
INFO  [error] 	at sbt.internal.librarymanagement.IvySbt.withDefaultLogger(Ivy.scala:77)
INFO  [error] 	at sbt.internal.librarymanagement.IvySbt.withIvy(Ivy.scala:199)
INFO  [error] 	at sbt.internal.librarymanagement.IvySbt.withIvy(Ivy.scala:196)
INFO  [error] 	at sbt.internal.librarymanagement.IvySbt$Module.withModule(Ivy.scala:238)
INFO  [error] 	at sbt.internal.librarymanagement.IvyActions$.updateEither(IvyActions.scala:193)
INFO  [error] 	at sbt.librarymanagement.ivy.IvyDependencyResolution.update(IvyDependencyResolution.scala:20)
INFO  [error] 	at sbt.librarymanagement.DependencyResolution.update(DependencyResolution.scala:56)
INFO  [error] 	at sbt.internal.LibraryManagement$.resolve$1(LibraryManagement.scala:45)
INFO  [error] 	at sbt.internal.LibraryManagement$.$anonfun$cachedUpdate$12(LibraryManagement.scala:93)
INFO  [error] 	at sbt.util.Tracked$.$anonfun$lastOutput$1(Tracked.scala:68)
INFO  [error] 	at sbt.internal.LibraryManagement$.$anonfun$cachedUpdate$19(LibraryManagement.scala:106)
INFO  [error] 	at scala.util.control.Exception$Catch.apply(Exception.scala:224)
INFO  [error] 	at sbt.internal.LibraryManagement$.$anonfun$cachedUpdate$11(LibraryManagement.scala:106)
INFO  [error] 	at sbt.internal.LibraryManagement$.$anonfun$cachedUpdate$11$adapted(LibraryManagement.scala:89)
INFO  [error] 	at sbt.util.Tracked$.$anonfun$inputChanged$1(Tracked.scala:149)
INFO  [error] 	at sbt.internal.LibraryManagement$.cachedUpdate(LibraryManagement.scala:120)
INFO  [error] 	at sbt.Classpaths$.$anonfun$updateTask$5(Defaults.scala:2561)
INFO  [error] 	at scala.Function1.$anonfun$compose$1(Function1.scala:44)
INFO  [error] 	at sbt.internal.util.$tilde$greater.$anonfun$$u2219$1(TypeFunctions.scala:40)
INFO  [error] 	at sbt.std.Transform$$anon$4.work(System.scala:67)
INFO  [error] 	at sbt.Execute.$anonfun$submit$2(Execute.scala:269)
INFO  [error] 	at sbt.internal.util.ErrorHandling$.wideConvert(ErrorHandling.scala:16)
INFO  [error] 	at sbt.Execute.work(Execute.scala:278)
INFO  [error] 	at sbt.Execute.$anonfun$submit$1(Execute.scala:269)
INFO  [error] 	at sbt.ConcurrentRestrictions$$anon$4.$anonfun$submitValid$1(ConcurrentRestrictions.scala:178)
INFO  [error] 	at sbt.CompletionService$$anon$2.call(CompletionService.scala:37)
INFO  [error] 	at java.util.concurrent.FutureTask.run(FutureTask.java:266)
INFO  [error] 	at java.util.concurrent.Executors$RunnableAdapter.call(Executors.java:511)
INFO  [error] 	at java.util.concurrent.FutureTask.run(FutureTask.java:266)
INFO  [error] 	at java.util.concurrent.ThreadPoolExecutor.runWorker(ThreadPoolExecutor.java:1142)
INFO  [error] 	at java.util.concurrent.ThreadPoolExecutor$Worker.run(ThreadPoolExecutor.java:617)
INFO  [error] 	at java.lang.Thread.run(Thread.java:745)
INFO  [error] (update) sbt.librarymanagement.ResolveException: unresolved dependency: zio.dev#zio-core_2.12;1.0.0-RC13: not found
INFO  [error] unresolved dependency: zio.dev#zio-streams_2.12;1.0.0-RC13: not found
INFO  [error] Total time: 8 s, completed Sep 23, 2019 7:41:46 AM
INFO  build tool exit: 1
INFO  time: ran 'sbt bloopInstall' in 22s
ERROR sbt command failed: /Library/Java/JavaVirtualMachines/jdk1.8.0_60.jdk/Contents/Home/jre/bin/java -Djline.terminal=jline.UnsupportedTerminal -Dsbt.log.noformat=true -Dfile.encoding=UTF-8 -jar /var/folders/w5/zvkrhfv14p7770wzx2tnbwq80000gn/T/metals3449331094501990746/sbt-launch.jar metalsEnable bloopInstall
WARN  no build target: /Users/John/Documents/git/zio-workshop/build.sbt
WARN  no build target: 
INFO  running '/Library/Java/JavaVirtualMachines/jdk1.8.0_60.jdk/Contents/Home/jre/bin/java -Djline.terminal=jline.UnsupportedTerminal -Dsbt.log.noformat=true -Dfile.encoding=UTF-8 -jar /var/folders/w5/zvkrhfv14p7770wzx2tnbwq80000gn/T/metals1803990559562085726/sbt-launch.jar metalsEnable bloopInstall'
INFO  [info] Loading settings for project global-plugins from metals.sbt ...
INFO  [info] Loading global plugins from /Users/John/.sbt/1.0/plugins
INFO  [info] Updating ProjectRef(uri("file:/Users/John/.sbt/1.0/plugins/"), "global-plugins")...
INFO  [info] Done updating.
INFO  [info] Loading settings for project zio-workshop-build from plugin.sbt ...
INFO  [info] Loading project definition from /Users/John/Documents/git/zio-workshop/project
INFO  [info] Updating ProjectRef(uri("file:/Users/John/Documents/git/zio-workshop/project/"), "zio-workshop-build")...
ERROR Waiting for lock on /Users/John/.ivy2/.sbt.ivy.lock to be available...
INFO  [info] Done updating.
INFO  [success] Generated .bloop/zio-workshop-build.json
INFO  [success] Total time: 3 s, completed Sep 23, 2019 7:42:32 AM
INFO  [info] Updating ProjectRef(uri("file:/Users/John/Documents/git/zio-workshop/project/"), "zio-workshop-build")...
ERROR Waiting for lock on /Users/John/.ivy2/.sbt.ivy.lock to be available...
INFO  user cancelled build import
INFO  time: ran 'sbt bloopInstall' in 13s
INFO  build tool exit: 143
WARN  no build target: /Users/John/Documents/git/zio-workshop/build.sbt
WARN  no build target: 
INFO  running '/Library/Java/JavaVirtualMachines/jdk1.8.0_60.jdk/Contents/Home/jre/bin/java -Djline.terminal=jline.UnsupportedTerminal -Dsbt.log.noformat=true -Dfile.encoding=UTF-8 -jar /var/folders/w5/zvkrhfv14p7770wzx2tnbwq80000gn/T/metals7797388158433869820/sbt-launch.jar metalsEnable bloopInstall'
INFO  [info] Loading settings for project global-plugins from metals.sbt ...
INFO  [info] Loading global plugins from /Users/John/.sbt/1.0/plugins
INFO  [info] Updating ProjectRef(uri("file:/Users/John/.sbt/1.0/plugins/"), "global-plugins")...
INFO  user cancelled build import
INFO  time: ran 'sbt bloopInstall' in 7.31s
INFO  build tool exit: 143
WARN  no build target: /Users/John/Documents/git/zio-workshop/src/main/scala/net/degoes/zio/applications/exercises.scala
WARN  no build target: /Users/John/Documents/git/zio-workshop/src/main/scala/net/degoes/zio/applications/exercises.scala
WARN  no build target: /Users/John/Documents/git/zio-workshop/src/main/scala/net/degoes/zio/architecture/exercises.scala
WARN  no build target: /Users/John/Documents/git/zio-workshop/src/main/scala/net/degoes/zio/architecture/exercises.scala
WARN  no build target: /Users/John/Documents/git/zio-workshop/src/main/scala/net/degoes/zio/concurrency/exercises.scala
WARN  no build target: /Users/John/Documents/git/zio-workshop/src/main/scala/net/degoes/zio/concurrency/exercises.scala
WARN  no build target: /Users/John/Documents/git/zio-workshop/src/main/scala/net/degoes/zio/essentials/zio.scala
WARN  no build target: /Users/John/Documents/git/zio-workshop/src/main/scala/net/degoes/zio/essentials/zio.scala
WARN  no build target: /Users/John/Documents/git/zio-workshop/src/main/scala/net/degoes/zio/package.scala
WARN  no build target: /Users/John/Documents/git/zio-workshop/src/main/scala/net/degoes/zio/package.scala
INFO  no build target: using presentation compiler with only scala-library
WARN  code navigation does not work for the file '/Users/John/Documents/git/zio-workshop/src/main/scala/net/degoes/zio/package.scala' because it doesn't belong to a build target.
WARN  code navigation does not work for the file '/Users/John/Documents/git/zio-workshop/src/main/scala/net/degoes/zio/package.scala' because it doesn't belong to a build target.
WARN  no build target: /Users/John/Documents/git/zio-workshop/src/main/scala/net/degoes/zio/package.scala
WARN  no build target: /Users/John/Documents/git/zio-workshop/src/main/scala/net/degoes/zio/applications/exercises.scala
WARN  no build target: /Users/John/Documents/git/zio-workshop/src/main/scala/net/degoes/zio/applications/exercises.scala
WARN  no build target: /Users/John/Documents/git/zio-workshop/src/main/scala/net/degoes/zio/applications/exercises.scala
WARN  no build target: /Users/John/Documents/git/zio-workshop/src/main/scala/net/degoes/zio/architecture/exercises.scala
WARN  no build target: /Users/John/Documents/git/zio-workshop/src/main/scala/net/degoes/zio/architecture/exercises.scala
WARN  no build target: /Users/John/Documents/git/zio-workshop/src/main/scala/net/degoes/zio/package.scala
WARN  no build target: /Users/John/Documents/git/zio-workshop/src/main/scala/net/degoes/zio/package.scala
WARN  code navigation does not work for the file '/Users/John/Documents/git/zio-workshop/src/main/scala/net/degoes/zio/applications/exercises.scala' because it doesn't belong to a build target.
WARN  code navigation does not work for the file '/Users/John/Documents/git/zio-workshop/src/main/scala/net/degoes/zio/applications/exercises.scala' because it doesn't belong to a build target.
WARN  no build target: /Users/John/Documents/git/zio-workshop/src/main/scala/net/degoes/zio/applications/exercises.scala
